19:05:10.077 [main] DEBUG org.jboss.logging - Logging Provider: org.jboss.logging.Slf4jLoggerProvider found via system property
19:05:10.089 [main] DEBUG fun.connor.lighter.marshal.gson.GsonTypeAdapterFactory - asked to make adaptor for Person
19:05:10.094 [main] DEBUG fun.connor.lighter.marshal.gson.GsonTypeAdapterFactory - asked to make adaptor for Request
19:05:10.104 [main] DEBUG fun.connor.lighter.undertow.LighterUndertow - adding route: POST: person
19:05:10.107 [main] DEBUG fun.connor.lighter.marshal.gson.GsonTypeAdapterFactory - asked to make adaptor for Map
19:05:10.108 [main] DEBUG fun.connor.lighter.marshal.gson.GsonTypeAdapterFactory - asked to make adaptor for Request
19:05:10.108 [main] DEBUG fun.connor.lighter.undertow.LighterUndertow - adding route: GET: person/say_hello/{firstName}/{lastName}
19:05:10.118 [main] DEBUG io.undertow - starting undertow server io.undertow.Undertow@4c1909a3
19:05:10.124 [main] INFO  org.xnio - XNIO version 3.3.8.Final
19:05:10.136 [main] INFO  org.xnio.nio - XNIO NIO Implementation Version 3.3.8.Final
19:05:10.161 [XNIO-1 I/O-1] DEBUG org.xnio.nio - Started channel thread 'XNIO-1 I/O-1', selector sun.nio.ch.KQueueSelectorImpl@67aca5b2
19:05:10.161 [XNIO-1 I/O-2] DEBUG org.xnio.nio - Started channel thread 'XNIO-1 I/O-2', selector sun.nio.ch.KQueueSelectorImpl@3c855c80
19:05:10.161 [XNIO-1 I/O-3] DEBUG org.xnio.nio - Started channel thread 'XNIO-1 I/O-3', selector sun.nio.ch.KQueueSelectorImpl@3e51205b
19:05:10.163 [XNIO-1 I/O-4] DEBUG org.xnio.nio - Started channel thread 'XNIO-1 I/O-4', selector sun.nio.ch.KQueueSelectorImpl@4a8aa282
19:05:10.164 [XNIO-1 Accept] DEBUG org.xnio.nio - Started channel thread 'XNIO-1 Accept', selector sun.nio.ch.KQueueSelectorImpl@44b4d376
19:05:10.166 [main] DEBUG io.undertow - Configuring listener with protocol HTTP for interface 0.0.0.0 and port 8000
19:05:10.211 [main] INFO  fun.connor.lighter.example.Main - BOOTED CONTAINER: 385 ms
19:06:42.130 [main] DEBUG org.jboss.logging - Logging Provider: org.jboss.logging.Slf4jLoggerProvider found via system property
19:06:42.142 [main] DEBUG fun.connor.lighter.marshal.gson.GsonTypeAdapterFactory - asked to make adaptor for Person
19:06:42.146 [main] DEBUG fun.connor.lighter.marshal.gson.GsonTypeAdapterFactory - asked to make adaptor for Request
19:06:42.158 [main] DEBUG fun.connor.lighter.undertow.LighterUndertow - adding route: POST: person
19:06:42.161 [main] DEBUG fun.connor.lighter.marshal.gson.GsonTypeAdapterFactory - asked to make adaptor for Map
19:06:42.162 [main] DEBUG fun.connor.lighter.marshal.gson.GsonTypeAdapterFactory - asked to make adaptor for Request
19:06:42.162 [main] DEBUG fun.connor.lighter.undertow.LighterUndertow - adding route: GET: person/say_hello/{firstName}/{lastName}
19:06:42.171 [main] DEBUG io.undertow - starting undertow server io.undertow.Undertow@d9345cd
19:06:42.179 [main] INFO  org.xnio - XNIO version 3.3.8.Final
19:06:42.192 [main] INFO  org.xnio.nio - XNIO NIO Implementation Version 3.3.8.Final
19:06:42.220 [XNIO-1 I/O-2] DEBUG org.xnio.nio - Started channel thread 'XNIO-1 I/O-2', selector sun.nio.ch.KQueueSelectorImpl@44b4d376
19:06:42.220 [XNIO-1 I/O-3] DEBUG org.xnio.nio - Started channel thread 'XNIO-1 I/O-3', selector sun.nio.ch.KQueueSelectorImpl@49a1f074
19:06:42.220 [XNIO-1 I/O-1] DEBUG org.xnio.nio - Started channel thread 'XNIO-1 I/O-1', selector sun.nio.ch.KQueueSelectorImpl@5dc0337c
19:06:42.220 [XNIO-1 I/O-4] DEBUG org.xnio.nio - Started channel thread 'XNIO-1 I/O-4', selector sun.nio.ch.KQueueSelectorImpl@3c181a55
19:06:42.221 [XNIO-1 Accept] DEBUG org.xnio.nio - Started channel thread 'XNIO-1 Accept', selector sun.nio.ch.KQueueSelectorImpl@7fa24de6
19:06:42.223 [main] DEBUG io.undertow - Configuring listener with protocol HTTP for interface 0.0.0.0 and port 8000
19:06:42.273 [main] INFO  fun.connor.lighter.example.Main - BOOTED CONTAINER: 404 ms
19:07:10.268 [main] DEBUG org.jboss.logging - Logging Provider: org.jboss.logging.Slf4jLoggerProvider found via system property
19:07:10.280 [main] DEBUG fun.connor.lighter.marshal.gson.GsonTypeAdapterFactory - asked to make adaptor for Person
19:07:10.284 [main] DEBUG fun.connor.lighter.marshal.gson.GsonTypeAdapterFactory - asked to make adaptor for Request
19:07:10.296 [main] DEBUG fun.connor.lighter.undertow.LighterUndertow - adding route: POST: person
19:07:10.299 [main] DEBUG fun.connor.lighter.marshal.gson.GsonTypeAdapterFactory - asked to make adaptor for Map
19:07:10.300 [main] DEBUG fun.connor.lighter.marshal.gson.GsonTypeAdapterFactory - asked to make adaptor for Request
19:07:10.300 [main] DEBUG fun.connor.lighter.undertow.LighterUndertow - adding route: GET: person/say_hello/{firstName}/{lastName}
19:07:10.312 [main] DEBUG io.undertow - starting undertow server io.undertow.Undertow@4c1909a3
19:07:10.320 [main] INFO  org.xnio - XNIO version 3.3.8.Final
19:07:10.334 [main] INFO  org.xnio.nio - XNIO NIO Implementation Version 3.3.8.Final
19:07:10.362 [XNIO-1 I/O-2] DEBUG org.xnio.nio - Started channel thread 'XNIO-1 I/O-2', selector sun.nio.ch.KQueueSelectorImpl@67aca5b2
19:07:10.362 [XNIO-1 I/O-1] DEBUG org.xnio.nio - Started channel thread 'XNIO-1 I/O-1', selector sun.nio.ch.KQueueSelectorImpl@2522c210
19:07:10.362 [XNIO-1 I/O-4] DEBUG org.xnio.nio - Started channel thread 'XNIO-1 I/O-4', selector sun.nio.ch.KQueueSelectorImpl@3e51205b
19:07:10.362 [XNIO-1 I/O-3] DEBUG org.xnio.nio - Started channel thread 'XNIO-1 I/O-3', selector sun.nio.ch.KQueueSelectorImpl@3c855c80
19:07:10.363 [XNIO-1 Accept] DEBUG org.xnio.nio - Started channel thread 'XNIO-1 Accept', selector sun.nio.ch.KQueueSelectorImpl@4a8aa282
19:07:10.364 [main] DEBUG io.undertow - Configuring listener with protocol HTTP for interface 0.0.0.0 and port 8000
19:07:10.414 [main] INFO  fun.connor.lighter.example.Main - BOOTED CONTAINER: 381 ms
19:08:08.931 [main] DEBUG org.jboss.logging - Logging Provider: org.jboss.logging.Slf4jLoggerProvider found via system property
19:08:08.943 [main] DEBUG fun.connor.lighter.marshal.gson.GsonTypeAdapterFactory - asked to make adaptor for Person
19:08:08.948 [main] DEBUG fun.connor.lighter.marshal.gson.GsonTypeAdapterFactory - asked to make adaptor for Request
19:08:08.959 [main] DEBUG fun.connor.lighter.undertow.LighterUndertow - adding route: POST: person
19:08:08.963 [main] DEBUG fun.connor.lighter.marshal.gson.GsonTypeAdapterFactory - asked to make adaptor for Map
19:08:08.964 [main] DEBUG fun.connor.lighter.marshal.gson.GsonTypeAdapterFactory - asked to make adaptor for Request
19:08:08.964 [main] DEBUG fun.connor.lighter.undertow.LighterUndertow - adding route: GET: person/say_hello/{firstName}/{lastName}
19:08:08.976 [main] DEBUG io.undertow - starting undertow server io.undertow.Undertow@29215f06
19:08:08.985 [main] INFO  org.xnio - XNIO version 3.3.8.Final
19:08:09.000 [main] INFO  org.xnio.nio - XNIO NIO Implementation Version 3.3.8.Final
19:08:09.027 [XNIO-1 I/O-2] DEBUG org.xnio.nio - Started channel thread 'XNIO-1 I/O-2', selector sun.nio.ch.KQueueSelectorImpl@70958f06
19:08:09.027 [XNIO-1 I/O-3] DEBUG org.xnio.nio - Started channel thread 'XNIO-1 I/O-3', selector sun.nio.ch.KQueueSelectorImpl@55355658
19:08:09.027 [XNIO-1 I/O-1] DEBUG org.xnio.nio - Started channel thread 'XNIO-1 I/O-1', selector sun.nio.ch.KQueueSelectorImpl@555ac366
19:08:09.027 [XNIO-1 I/O-4] DEBUG org.xnio.nio - Started channel thread 'XNIO-1 I/O-4', selector sun.nio.ch.KQueueSelectorImpl@271d55f0
19:08:09.028 [XNIO-1 Accept] DEBUG org.xnio.nio - Started channel thread 'XNIO-1 Accept', selector sun.nio.ch.KQueueSelectorImpl@3f1d7568
19:08:09.030 [main] DEBUG io.undertow - Configuring listener with protocol HTTP for interface 0.0.0.0 and port 8000
19:08:22.760 [main] DEBUG org.jboss.logging - Logging Provider: org.jboss.logging.Slf4jLoggerProvider found via system property
19:08:22.771 [main] DEBUG fun.connor.lighter.marshal.gson.GsonTypeAdapterFactory - asked to make adaptor for Person
19:08:22.774 [main] DEBUG fun.connor.lighter.marshal.gson.GsonTypeAdapterFactory - asked to make adaptor for Request
19:08:22.784 [main] DEBUG fun.connor.lighter.undertow.LighterUndertow - adding route: POST: person
19:08:22.787 [main] DEBUG fun.connor.lighter.marshal.gson.GsonTypeAdapterFactory - asked to make adaptor for Map
19:08:22.789 [main] DEBUG fun.connor.lighter.marshal.gson.GsonTypeAdapterFactory - asked to make adaptor for Request
19:08:22.789 [main] DEBUG fun.connor.lighter.undertow.LighterUndertow - adding route: GET: person/say_hello/{firstName}/{lastName}
19:08:22.801 [main] DEBUG io.undertow - starting undertow server io.undertow.Undertow@29215f06
19:08:22.808 [main] INFO  org.xnio - XNIO version 3.3.8.Final
19:08:22.821 [main] INFO  org.xnio.nio - XNIO NIO Implementation Version 3.3.8.Final
19:08:22.850 [XNIO-1 I/O-2] DEBUG org.xnio.nio - Started channel thread 'XNIO-1 I/O-2', selector sun.nio.ch.KQueueSelectorImpl@70958f06
19:08:22.850 [XNIO-1 I/O-1] DEBUG org.xnio.nio - Started channel thread 'XNIO-1 I/O-1', selector sun.nio.ch.KQueueSelectorImpl@555ac366
19:08:22.850 [XNIO-1 I/O-4] DEBUG org.xnio.nio - Started channel thread 'XNIO-1 I/O-4', selector sun.nio.ch.KQueueSelectorImpl@271d55f0
19:08:22.850 [XNIO-1 I/O-3] DEBUG org.xnio.nio - Started channel thread 'XNIO-1 I/O-3', selector sun.nio.ch.KQueueSelectorImpl@55355658
19:08:22.852 [XNIO-1 Accept] DEBUG org.xnio.nio - Started channel thread 'XNIO-1 Accept', selector sun.nio.ch.KQueueSelectorImpl@1a035be5
19:08:22.853 [main] DEBUG io.undertow - Configuring listener with protocol HTTP for interface 0.0.0.0 and port 8000
19:08:22.904 [main] INFO  fun.connor.lighter.example.Main - BOOTED CONTAINER: 393 ms
19:11:41.580 [main] DEBUG org.jboss.logging - Logging Provider: org.jboss.logging.Slf4jLoggerProvider found via system property
19:11:41.591 [main] DEBUG fun.connor.lighter.marshal.gson.GsonTypeAdapterFactory - asked to make adaptor for Person
19:11:41.594 [main] DEBUG fun.connor.lighter.marshal.gson.GsonTypeAdapterFactory - asked to make adaptor for Request
19:11:41.602 [main] DEBUG fun.connor.lighter.undertow.LighterUndertow - adding route: POST: person
19:11:41.605 [main] DEBUG fun.connor.lighter.marshal.gson.GsonTypeAdapterFactory - asked to make adaptor for Map
19:11:41.606 [main] DEBUG fun.connor.lighter.marshal.gson.GsonTypeAdapterFactory - asked to make adaptor for Request
19:11:41.606 [main] DEBUG fun.connor.lighter.undertow.LighterUndertow - adding route: GET: person/say_hello/{firstName}/{lastName}
19:11:41.619 [main] DEBUG io.undertow - starting undertow server io.undertow.Undertow@d9345cd
19:11:41.627 [main] INFO  org.xnio - XNIO version 3.3.8.Final
19:11:41.639 [main] INFO  org.xnio.nio - XNIO NIO Implementation Version 3.3.8.Final
19:11:41.665 [XNIO-1 I/O-2] DEBUG org.xnio.nio - Started channel thread 'XNIO-1 I/O-2', selector sun.nio.ch.KQueueSelectorImpl@44de8d4a
19:11:41.665 [XNIO-1 I/O-1] DEBUG org.xnio.nio - Started channel thread 'XNIO-1 I/O-1', selector sun.nio.ch.KQueueSelectorImpl@4ff7ff2e
19:11:41.665 [XNIO-1 I/O-3] DEBUG org.xnio.nio - Started channel thread 'XNIO-1 I/O-3', selector sun.nio.ch.KQueueSelectorImpl@159886f2
19:11:41.665 [XNIO-1 I/O-4] DEBUG org.xnio.nio - Started channel thread 'XNIO-1 I/O-4', selector sun.nio.ch.KQueueSelectorImpl@7ff887
19:11:41.666 [XNIO-1 Accept] DEBUG org.xnio.nio - Started channel thread 'XNIO-1 Accept', selector sun.nio.ch.KQueueSelectorImpl@1d5fc898
19:11:41.667 [main] DEBUG io.undertow - Configuring listener with protocol HTTP for interface 0.0.0.0 and port 8000
19:11:41.720 [main] INFO  fun.connor.lighter.example.Main - BOOTED CONTAINER: 380 ms
19:19:07.068 [main] DEBUG org.jboss.logging - Logging Provider: org.jboss.logging.Slf4jLoggerProvider found via system property
19:19:07.079 [main] DEBUG fun.connor.lighter.marshal.gson.GsonTypeAdapterFactory - asked to make adaptor for Person
19:19:07.083 [main] DEBUG fun.connor.lighter.marshal.gson.GsonTypeAdapterFactory - asked to make adaptor for Request
19:19:07.094 [main] DEBUG fun.connor.lighter.undertow.LighterUndertow - adding route: POST: person
19:19:07.097 [main] DEBUG fun.connor.lighter.marshal.gson.GsonTypeAdapterFactory - asked to make adaptor for Map
19:19:07.098 [main] DEBUG fun.connor.lighter.marshal.gson.GsonTypeAdapterFactory - asked to make adaptor for Request
19:19:07.098 [main] DEBUG fun.connor.lighter.undertow.LighterUndertow - adding route: GET: person/say_hello/{firstName}/{lastName}
19:19:07.109 [main] DEBUG io.undertow - starting undertow server io.undertow.Undertow@4c1909a3
19:19:07.115 [main] INFO  org.xnio - XNIO version 3.3.8.Final
19:19:07.129 [main] INFO  org.xnio.nio - XNIO NIO Implementation Version 3.3.8.Final
19:19:07.176 [XNIO-1 I/O-2] DEBUG org.xnio.nio - Started channel thread 'XNIO-1 I/O-2', selector sun.nio.ch.KQueueSelectorImpl@4ff7ff2e
19:19:07.176 [XNIO-1 I/O-1] DEBUG org.xnio.nio - Started channel thread 'XNIO-1 I/O-1', selector sun.nio.ch.KQueueSelectorImpl@60bfb620
19:19:07.176 [XNIO-1 I/O-3] DEBUG org.xnio.nio - Started channel thread 'XNIO-1 I/O-3', selector sun.nio.ch.KQueueSelectorImpl@44de8d4a
19:19:07.177 [XNIO-1 I/O-4] DEBUG org.xnio.nio - Started channel thread 'XNIO-1 I/O-4', selector sun.nio.ch.KQueueSelectorImpl@159886f2
19:19:07.177 [XNIO-1 Accept] DEBUG org.xnio.nio - Started channel thread 'XNIO-1 Accept', selector sun.nio.ch.KQueueSelectorImpl@7ff887
19:19:07.178 [main] DEBUG io.undertow - Configuring listener with protocol HTTP for interface 0.0.0.0 and port 8000
19:19:07.238 [main] INFO  fun.connor.lighter.example.Main - BOOTED CONTAINER: 416 ms
19:22:57.629 [main] DEBUG org.jboss.logging - Logging Provider: org.jboss.logging.Slf4jLoggerProvider found via system property
19:22:57.641 [main] DEBUG fun.connor.lighter.marshal.gson.GsonTypeAdapterFactory - asked to make adaptor for Person
19:22:57.645 [main] DEBUG fun.connor.lighter.marshal.gson.GsonTypeAdapterFactory - asked to make adaptor for Request
19:22:57.656 [main] DEBUG fun.connor.lighter.undertow.LighterUndertow - adding route: POST: person
19:22:57.659 [main] DEBUG fun.connor.lighter.marshal.gson.GsonTypeAdapterFactory - asked to make adaptor for Map
19:22:57.660 [main] DEBUG fun.connor.lighter.marshal.gson.GsonTypeAdapterFactory - asked to make adaptor for Request
19:22:57.660 [main] DEBUG fun.connor.lighter.undertow.LighterUndertow - adding route: GET: person/say_hello/{firstName}/{lastName}
19:22:57.670 [main] DEBUG io.undertow - starting undertow server io.undertow.Undertow@4c1909a3
19:22:57.677 [main] INFO  org.xnio - XNIO version 3.3.8.Final
19:22:57.689 [main] INFO  org.xnio.nio - XNIO NIO Implementation Version 3.3.8.Final
19:22:57.714 [XNIO-1 I/O-1] DEBUG org.xnio.nio - Started channel thread 'XNIO-1 I/O-1', selector sun.nio.ch.KQueueSelectorImpl@44de8d4a
19:22:57.714 [XNIO-1 I/O-2] DEBUG org.xnio.nio - Started channel thread 'XNIO-1 I/O-2', selector sun.nio.ch.KQueueSelectorImpl@159886f2
19:22:57.714 [XNIO-1 I/O-3] DEBUG org.xnio.nio - Started channel thread 'XNIO-1 I/O-3', selector sun.nio.ch.KQueueSelectorImpl@7ff887
19:22:57.714 [XNIO-1 I/O-4] DEBUG org.xnio.nio - Started channel thread 'XNIO-1 I/O-4', selector sun.nio.ch.KQueueSelectorImpl@1d5fc898
19:22:57.715 [XNIO-1 Accept] DEBUG org.xnio.nio - Started channel thread 'XNIO-1 Accept', selector sun.nio.ch.KQueueSelectorImpl@69b38d00
19:22:57.716 [main] DEBUG io.undertow - Configuring listener with protocol HTTP for interface 0.0.0.0 and port 8000
19:22:57.765 [main] INFO  fun.connor.lighter.example.Main - BOOTED CONTAINER: 403 ms
19:23:16.833 [main] DEBUG org.jboss.logging - Logging Provider: org.jboss.logging.Slf4jLoggerProvider found via system property
19:23:16.843 [main] DEBUG fun.connor.lighter.marshal.gson.GsonTypeAdapterFactory - asked to make adaptor for Person
19:23:16.846 [main] DEBUG fun.connor.lighter.marshal.gson.GsonTypeAdapterFactory - asked to make adaptor for Request
19:23:16.856 [main] DEBUG fun.connor.lighter.undertow.LighterUndertow - adding route: POST: person
19:23:16.858 [main] DEBUG fun.connor.lighter.marshal.gson.GsonTypeAdapterFactory - asked to make adaptor for Map
19:23:16.859 [main] DEBUG fun.connor.lighter.marshal.gson.GsonTypeAdapterFactory - asked to make adaptor for Request
19:23:16.859 [main] DEBUG fun.connor.lighter.undertow.LighterUndertow - adding route: GET: person/say_hello/{firstName}/{lastName}
19:23:16.871 [main] DEBUG io.undertow - starting undertow server io.undertow.Undertow@d9345cd
19:23:16.879 [main] INFO  org.xnio - XNIO version 3.3.8.Final
19:23:16.892 [main] INFO  org.xnio.nio - XNIO NIO Implementation Version 3.3.8.Final
19:23:16.925 [XNIO-1 I/O-1] DEBUG org.xnio.nio - Started channel thread 'XNIO-1 I/O-1', selector sun.nio.ch.KQueueSelectorImpl@69b38d00
19:23:16.925 [XNIO-1 I/O-2] DEBUG org.xnio.nio - Started channel thread 'XNIO-1 I/O-2', selector sun.nio.ch.KQueueSelectorImpl@767bdac
19:23:16.925 [XNIO-1 I/O-4] DEBUG org.xnio.nio - Started channel thread 'XNIO-1 I/O-4', selector sun.nio.ch.KQueueSelectorImpl@59522433
19:23:16.925 [XNIO-1 I/O-3] DEBUG org.xnio.nio - Started channel thread 'XNIO-1 I/O-3', selector sun.nio.ch.KQueueSelectorImpl@2121d7ea
19:23:16.926 [XNIO-1 Accept] DEBUG org.xnio.nio - Started channel thread 'XNIO-1 Accept', selector sun.nio.ch.KQueueSelectorImpl@20437024
19:23:16.927 [main] DEBUG io.undertow - Configuring listener with protocol HTTP for interface 0.0.0.0 and port 8000
19:23:25.411 [main] DEBUG org.jboss.logging - Logging Provider: org.jboss.logging.Slf4jLoggerProvider found via system property
19:23:25.447 [main] DEBUG fun.connor.lighter.marshal.gson.GsonTypeAdapterFactory - asked to make adaptor for Person
19:23:25.452 [main] DEBUG fun.connor.lighter.marshal.gson.GsonTypeAdapterFactory - asked to make adaptor for Request
19:23:25.464 [main] DEBUG fun.connor.lighter.undertow.LighterUndertow - adding route: POST: person
19:23:25.467 [main] DEBUG fun.connor.lighter.marshal.gson.GsonTypeAdapterFactory - asked to make adaptor for Map
19:23:25.468 [main] DEBUG fun.connor.lighter.marshal.gson.GsonTypeAdapterFactory - asked to make adaptor for Request
19:23:25.469 [main] DEBUG fun.connor.lighter.undertow.LighterUndertow - adding route: GET: person/say_hello/{firstName}/{lastName}
19:23:25.482 [main] DEBUG io.undertow - starting undertow server io.undertow.Undertow@4c1909a3
19:23:25.493 [main] INFO  org.xnio - XNIO version 3.3.8.Final
19:23:25.514 [main] INFO  org.xnio.nio - XNIO NIO Implementation Version 3.3.8.Final
19:23:25.600 [XNIO-1 I/O-2] DEBUG org.xnio.nio - Started channel thread 'XNIO-1 I/O-2', selector sun.nio.ch.KQueueSelectorImpl@159886f2
19:23:25.600 [XNIO-1 I/O-1] DEBUG org.xnio.nio - Started channel thread 'XNIO-1 I/O-1', selector sun.nio.ch.KQueueSelectorImpl@44de8d4a
19:23:25.601 [XNIO-1 I/O-3] DEBUG org.xnio.nio - Started channel thread 'XNIO-1 I/O-3', selector sun.nio.ch.KQueueSelectorImpl@7ff887
19:23:25.603 [XNIO-1 I/O-4] DEBUG org.xnio.nio - Started channel thread 'XNIO-1 I/O-4', selector sun.nio.ch.KQueueSelectorImpl@69b38d00
19:23:25.603 [XNIO-1 Accept] DEBUG org.xnio.nio - Started channel thread 'XNIO-1 Accept', selector sun.nio.ch.KQueueSelectorImpl@767bdac
19:23:25.605 [main] DEBUG io.undertow - Configuring listener with protocol HTTP for interface 0.0.0.0 and port 8000
19:23:25.729 [main] INFO  fun.connor.lighter.example.Main - BOOTED CONTAINER: 715 ms
19:25:48.219 [main] DEBUG org.jboss.logging - Logging Provider: org.jboss.logging.Slf4jLoggerProvider found via system property
19:25:48.232 [main] DEBUG fun.connor.lighter.marshal.gson.GsonTypeAdapterFactory - asked to make adaptor for Person
19:25:48.236 [main] DEBUG fun.connor.lighter.marshal.gson.GsonTypeAdapterFactory - asked to make adaptor for Request
19:25:48.247 [main] DEBUG fun.connor.lighter.undertow.LighterUndertow - adding route: POST: person
19:25:48.249 [main] DEBUG fun.connor.lighter.marshal.gson.GsonTypeAdapterFactory - asked to make adaptor for Map
19:25:48.250 [main] DEBUG fun.connor.lighter.marshal.gson.GsonTypeAdapterFactory - asked to make adaptor for Request
19:25:48.250 [main] DEBUG fun.connor.lighter.undertow.LighterUndertow - adding route: GET: person/say_hello/{firstName}/{lastName}
19:25:48.264 [main] DEBUG io.undertow - starting undertow server io.undertow.Undertow@4c1909a3
19:25:48.271 [main] INFO  org.xnio - XNIO version 3.3.8.Final
19:25:48.285 [main] INFO  org.xnio.nio - XNIO NIO Implementation Version 3.3.8.Final
19:25:48.311 [XNIO-1 I/O-3] DEBUG org.xnio.nio - Started channel thread 'XNIO-1 I/O-3', selector sun.nio.ch.KQueueSelectorImpl@1d5fc898
19:25:48.311 [XNIO-1 I/O-1] DEBUG org.xnio.nio - Started channel thread 'XNIO-1 I/O-1', selector sun.nio.ch.KQueueSelectorImpl@159886f2
19:25:48.311 [XNIO-1 I/O-4] DEBUG org.xnio.nio - Started channel thread 'XNIO-1 I/O-4', selector sun.nio.ch.KQueueSelectorImpl@69b38d00
19:25:48.311 [XNIO-1 I/O-2] DEBUG org.xnio.nio - Started channel thread 'XNIO-1 I/O-2', selector sun.nio.ch.KQueueSelectorImpl@7ff887
19:25:48.311 [XNIO-1 Accept] DEBUG org.xnio.nio - Started channel thread 'XNIO-1 Accept', selector sun.nio.ch.KQueueSelectorImpl@767bdac
19:25:48.312 [main] DEBUG io.undertow - Configuring listener with protocol HTTP for interface 0.0.0.0 and port 8000
19:25:48.364 [main] INFO  fun.connor.lighter.example.Main - BOOTED CONTAINER: 409 ms
19:27:18.717 [main] DEBUG org.jboss.logging - Logging Provider: org.jboss.logging.Slf4jLoggerProvider found via system property
19:27:18.728 [main] DEBUG fun.connor.lighter.marshal.gson.GsonTypeAdapterFactory - asked to make adaptor for Person
19:27:18.733 [main] DEBUG fun.connor.lighter.marshal.gson.GsonTypeAdapterFactory - asked to make adaptor for Request
19:27:18.743 [main] DEBUG fun.connor.lighter.undertow.LighterUndertow - adding route: POST: person
19:27:18.746 [main] DEBUG fun.connor.lighter.marshal.gson.GsonTypeAdapterFactory - asked to make adaptor for Map
19:27:18.747 [main] DEBUG fun.connor.lighter.marshal.gson.GsonTypeAdapterFactory - asked to make adaptor for Request
19:27:18.747 [main] DEBUG fun.connor.lighter.undertow.LighterUndertow - adding route: GET: person/say_hello/{firstName}/{lastName}
19:27:18.756 [main] DEBUG io.undertow - starting undertow server io.undertow.Undertow@4c1909a3
19:27:18.765 [main] INFO  org.xnio - XNIO version 3.3.8.Final
19:27:18.777 [main] INFO  org.xnio.nio - XNIO NIO Implementation Version 3.3.8.Final
19:27:18.804 [XNIO-1 I/O-3] DEBUG org.xnio.nio - Started channel thread 'XNIO-1 I/O-3', selector sun.nio.ch.KQueueSelectorImpl@767bdac
19:27:18.804 [XNIO-1 I/O-1] DEBUG org.xnio.nio - Started channel thread 'XNIO-1 I/O-1', selector sun.nio.ch.KQueueSelectorImpl@1d5fc898
19:27:18.804 [XNIO-1 I/O-4] DEBUG org.xnio.nio - Started channel thread 'XNIO-1 I/O-4', selector sun.nio.ch.KQueueSelectorImpl@2121d7ea
19:27:18.804 [XNIO-1 I/O-2] DEBUG org.xnio.nio - Started channel thread 'XNIO-1 I/O-2', selector sun.nio.ch.KQueueSelectorImpl@69b38d00
19:27:18.805 [XNIO-1 Accept] DEBUG org.xnio.nio - Started channel thread 'XNIO-1 Accept', selector sun.nio.ch.KQueueSelectorImpl@59522433
19:27:18.806 [main] DEBUG io.undertow - Configuring listener with protocol HTTP for interface 0.0.0.0 and port 8000
19:27:18.851 [main] INFO  fun.connor.lighter.example.Main - BOOTED CONTAINER: 388 ms
19:28:12.858 [main] DEBUG org.jboss.logging - Logging Provider: org.jboss.logging.Slf4jLoggerProvider found via system property
19:28:12.870 [main] DEBUG fun.connor.lighter.marshal.gson.GsonTypeAdapterFactory - asked to make adaptor for Person
19:28:12.874 [main] DEBUG fun.connor.lighter.marshal.gson.GsonTypeAdapterFactory - asked to make adaptor for Request
19:28:12.885 [main] DEBUG fun.connor.lighter.undertow.LighterUndertow - adding route: POST: person
19:28:12.888 [main] DEBUG fun.connor.lighter.marshal.gson.GsonTypeAdapterFactory - asked to make adaptor for Map
19:28:12.889 [main] DEBUG fun.connor.lighter.marshal.gson.GsonTypeAdapterFactory - asked to make adaptor for Request
19:28:12.889 [main] DEBUG fun.connor.lighter.undertow.LighterUndertow - adding route: GET: person/say_hello/{firstName}/{lastName}
19:28:12.900 [main] DEBUG io.undertow - starting undertow server io.undertow.Undertow@d9345cd
19:28:12.909 [main] INFO  org.xnio - XNIO version 3.3.8.Final
19:28:12.922 [main] INFO  org.xnio.nio - XNIO NIO Implementation Version 3.3.8.Final
19:28:12.950 [XNIO-1 I/O-1] DEBUG org.xnio.nio - Started channel thread 'XNIO-1 I/O-1', selector sun.nio.ch.KQueueSelectorImpl@767bdac
19:28:12.950 [XNIO-1 I/O-2] DEBUG org.xnio.nio - Started channel thread 'XNIO-1 I/O-2', selector sun.nio.ch.KQueueSelectorImpl@2121d7ea
19:28:12.950 [XNIO-1 I/O-3] DEBUG org.xnio.nio - Started channel thread 'XNIO-1 I/O-3', selector sun.nio.ch.KQueueSelectorImpl@59522433
19:28:12.951 [XNIO-1 I/O-4] DEBUG org.xnio.nio - Started channel thread 'XNIO-1 I/O-4', selector sun.nio.ch.KQueueSelectorImpl@72aedf84
19:28:12.951 [XNIO-1 Accept] DEBUG org.xnio.nio - Started channel thread 'XNIO-1 Accept', selector sun.nio.ch.KQueueSelectorImpl@772b5a97
19:28:12.953 [main] DEBUG io.undertow - Configuring listener with protocol HTTP for interface 0.0.0.0 and port 8000
19:28:13.000 [main] INFO  fun.connor.lighter.example.Main - BOOTED CONTAINER: 386 ms
19:29:49.563 [main] DEBUG org.jboss.logging - Logging Provider: org.jboss.logging.Slf4jLoggerProvider found via system property
19:29:49.574 [main] DEBUG fun.connor.lighter.marshal.gson.GsonTypeAdapterFactory - asked to make adaptor for Person
19:29:49.578 [main] DEBUG fun.connor.lighter.marshal.gson.GsonTypeAdapterFactory - asked to make adaptor for Request
19:29:49.589 [main] DEBUG fun.connor.lighter.undertow.LighterUndertow - adding route: POST: person
19:29:49.592 [main] DEBUG fun.connor.lighter.marshal.gson.GsonTypeAdapterFactory - asked to make adaptor for Map
19:29:49.593 [main] DEBUG fun.connor.lighter.marshal.gson.GsonTypeAdapterFactory - asked to make adaptor for Request
19:29:49.593 [main] DEBUG fun.connor.lighter.undertow.LighterUndertow - adding route: GET: person/say_hello/{firstName}/{lastName}
19:29:49.603 [main] DEBUG io.undertow - starting undertow server io.undertow.Undertow@d9345cd
19:29:49.615 [main] INFO  org.xnio - XNIO version 3.3.8.Final
19:29:49.627 [main] INFO  org.xnio.nio - XNIO NIO Implementation Version 3.3.8.Final
19:29:49.654 [XNIO-1 I/O-1] DEBUG org.xnio.nio - Started channel thread 'XNIO-1 I/O-1', selector sun.nio.ch.KQueueSelectorImpl@1d5fc898
19:29:49.654 [XNIO-1 I/O-2] DEBUG org.xnio.nio - Started channel thread 'XNIO-1 I/O-2', selector sun.nio.ch.KQueueSelectorImpl@69b38d00
19:29:49.654 [XNIO-1 I/O-3] DEBUG org.xnio.nio - Started channel thread 'XNIO-1 I/O-3', selector sun.nio.ch.KQueueSelectorImpl@767bdac
19:29:49.654 [XNIO-1 I/O-4] DEBUG org.xnio.nio - Started channel thread 'XNIO-1 I/O-4', selector sun.nio.ch.KQueueSelectorImpl@2121d7ea
19:29:49.655 [XNIO-1 Accept] DEBUG org.xnio.nio - Started channel thread 'XNIO-1 Accept', selector sun.nio.ch.KQueueSelectorImpl@59522433
19:29:49.656 [main] DEBUG io.undertow - Configuring listener with protocol HTTP for interface 0.0.0.0 and port 8000
19:29:49.706 [main] INFO  fun.connor.lighter.example.Main - BOOTED CONTAINER: 376 ms
